0	20:51:41.639	Compiling 'MACD Sample'
0	20:51:41.639	Compiling 'Moving Average'
0	20:51:43.256	Compiling 'Accelerator'
0	20:51:43.258	Compiling 'Accumulation'
0	20:51:43.258	Compiling 'Alligator'
0	20:51:43.258	Compiling 'ATR'
0	20:51:43.258	Compiling 'Awesome'
0	20:51:43.258	Compiling 'Bands'
0	20:51:43.258	Compiling 'Bears'
0	20:51:43.258	Compiling 'Bulls'
0	20:51:43.258	Compiling 'CCI'
0	20:51:43.258	Compiling 'Custom Moving Averages'
0	20:51:43.258	Compiling 'Heiken Ashi'
0	20:51:43.258	Compiling 'Ichimoku'
0	20:51:43.258	Compiling 'iExposure'
0	20:51:43.258	Compiling 'MACD'
0	20:51:43.258	Compiling 'Momentum'
0	20:51:43.258	Compiling 'OsMA'
0	20:51:43.258	Compiling 'Parabolic'
0	20:51:43.258	Compiling 'RSI'
0	20:51:43.260	Compiling 'Stochastic'
0	20:51:43.260	Compiling 'ZigZag'
0	20:51:43.260	Compiling 'SimplePanel'
0	20:51:53.632	Compiling 'PeriodConverter'
0	20:51:53.633	Compiling 'DLLSampleTester'
0	20:51:53.633	Compiling 'PipeClient'
0	20:51:53.633	Compiling 'PipeClientPure'
0	20:51:55.575	Compiling 'stdlib'
